c:\users\adria\desktop\mars base project\mars base engine ecs 13\mars base engine ecs\release\mars base engine ecs.pdb
c:\users\adria\desktop\mars base project\mars base engine ecs 13\mars base engine ecs\release\soundmanager.obj
c:\users\adria\desktop\mars base project\mars base engine ecs 13\mars base engine ecs\release\audiodata.obj
c:\users\adria\desktop\mars base project\mars base engine ecs 13\mars base engine ecs\release\audiocomponent.obj
c:\users\adria\desktop\mars base project\mars base engine ecs 13\mars base engine ecs\release\pixelmaskclickablecomponent.obj
c:\users\adria\desktop\mars base project\mars base engine ecs 13\mars base engine ecs\release\parentingcomponent.obj
c:\users\adria\desktop\mars base project\mars base engine ecs 13\mars base engine ecs\release\mousebuttonreleasedevent.obj
c:\users\adria\desktop\mars base project\mars base engine ecs 13\mars base engine ecs\release\mousebuttonpressedevent.obj
c:\users\adria\desktop\mars base project\mars base engine ecs 13\mars base engine ecs\release\actionbaseevent.obj
c:\users\adria\desktop\mars base project\mars base engine ecs 13\mars base engine ecs\release\eventmanager.obj
c:\users\adria\desktop\mars base project\mars base engine ecs 13\mars base engine ecs\release\eventlogger.obj
c:\users\adria\desktop\mars base project\mars base engine ecs 13\mars base engine ecs\release\entityclickedevent.obj
c:\users\adria\desktop\mars base project\mars base engine ecs 13\mars base engine ecs\release\effect.obj
c:\users\adria\desktop\mars base project\mars base engine ecs 13\mars base engine ecs\release\clickablesystem.obj
c:\users\adria\desktop\mars base project\mars base engine ecs 13\mars base engine ecs\release\clickablecomponent.obj
c:\users\adria\desktop\mars base project\mars base engine ecs 13\mars base engine ecs\release\blinkinganimation.obj
c:\users\adria\desktop\mars base project\mars base engine ecs 13\mars base engine ecs\release\baseevent.obj
c:\users\adria\desktop\mars base project\mars base engine ecs 13\mars base engine ecs\release\astarnode.obj
c:\users\adria\desktop\mars base project\mars base engine ecs 13\mars base engine ecs\release\animationcomponent.obj
c:\users\adria\desktop\mars base project\mars base engine ecs 13\mars base engine ecs\release\actionholdevent.obj
c:\users\adria\desktop\mars base project\mars base engine ecs 13\mars base engine ecs\release\actionevents.obj
c:\users\adria\desktop\mars base project\mars base engine ecs 13\mars base engine ecs\release\state.obj
c:\users\adria\desktop\mars base project\mars base engine ecs 13\mars base engine ecs\release\rendersystem.obj
c:\users\adria\desktop\mars base project\mars base engine ecs 13\mars base engine ecs\release\entityremovedevent.obj
c:\users\adria\desktop\mars base project\mars base engine ecs 13\mars base engine ecs\release\entitycreatedevent.obj
c:\users\adria\desktop\mars base project\mars base engine ecs 13\mars base engine ecs\release\renderlayer.obj
c:\users\adria\desktop\mars base project\mars base engine ecs 13\mars base engine ecs\release\rendercomponent.obj
c:\users\adria\desktop\mars base project\mars base engine ecs 13\mars base engine ecs\release\pixelmask.obj
c:\users\adria\desktop\mars base project\mars base engine ecs 13\mars base engine ecs\release\paralleltask.obj
c:\users\adria\desktop\mars base project\mars base engine ecs 13\mars base engine ecs\release\outlineeffect.obj
c:\users\adria\desktop\mars base project\mars base engine ecs 13\mars base engine ecs\release\mousebuttonholdevent.obj
c:\users\adria\desktop\mars base project\mars base engine ecs 13\mars base engine ecs\release\entitymanager.obj
c:\users\adria\desktop\mars base project\mars base engine ecs 13\mars base engine ecs\release\inputhandler.obj
c:\users\adria\desktop\mars base project\mars base engine ecs 13\mars base engine ecs\release\frameanimation.obj
c:\users\adria\desktop\mars base project\mars base engine ecs 13\mars base engine ecs\release\entity.obj
c:\users\adria\desktop\mars base project\mars base engine ecs 13\mars base engine ecs\release\constants.obj
c:\users\adria\desktop\mars base project\mars base engine ecs 13\mars base engine ecs\release\component.obj
c:\users\adria\desktop\mars base project\mars base engine ecs 13\mars base engine ecs\release\tiledterrain.obj
c:\users\adria\desktop\mars base project\mars base engine ecs 13\mars base engine ecs\release\texturedrendercomponent.obj
c:\users\adria\desktop\mars base project\mars base engine ecs 13\mars base engine ecs\release\spriterendercomponent.obj
c:\users\adria\desktop\mars base project\mars base engine ecs 13\mars base engine ecs\release\soundsystem.obj
c:\users\adria\desktop\mars base project\mars base engine ecs 13\mars base engine ecs\release\utility.obj
c:\users\adria\desktop\mars base project\mars base engine ecs 13\mars base engine ecs\release\transformcomponent.obj
c:\users\adria\desktop\mars base project\mars base engine ecs 13\mars base engine ecs\release\topdownzordersorter.obj
c:\users\adria\desktop\mars base project\mars base engine ecs 13\mars base engine ecs\release\topdowninformationcomponent.obj
c:\users\adria\desktop\mars base project\mars base engine ecs 13\mars base engine ecs\release\tinyxml.obj
c:\users\adria\desktop\mars base project\mars base engine ecs 13\mars base engine ecs\release\tiledterrainlayersystem.obj
c:\users\adria\desktop\mars base project\mars base engine ecs 13\mars base engine ecs\release\tiledterrainlayerrendercomponent.obj
c:\users\adria\desktop\mars base project\mars base engine ecs 13\mars base engine ecs\release\tiledterrainlayercomponent.obj
c:\users\adria\desktop\mars base project\mars base engine ecs 13\mars base engine ecs\release\tiledterrainlayer.obj
c:\users\adria\desktop\mars base project\mars base engine ecs 13\mars base engine ecs\release\texturewrapper.obj
c:\users\adria\desktop\mars base project\mars base engine ecs 13\mars base engine ecs\release\statemanager.obj
c:\users\adria\desktop\mars base project\mars base engine ecs 13\release\mars base engine ecs.lib
c:\users\adria\desktop\mars base project\mars base engine ecs 13\mars base engine ecs\release\isohelper.obj
c:\users\adria\desktop\mars base project\mars base engine ecs 13\mars base engine ecs\release\mars bas.12a1c1a5.tlog\cl.command.1.tlog
c:\users\adria\desktop\mars base project\mars base engine ecs 13\mars base engine ecs\release\mars bas.12a1c1a5.tlog\cl.read.1.tlog
c:\users\adria\desktop\mars base project\mars base engine ecs 13\mars base engine ecs\release\mars bas.12a1c1a5.tlog\cl.write.1.tlog
c:\users\adria\desktop\mars base project\mars base engine ecs 13\mars base engine ecs\release\mars bas.12a1c1a5.tlog\lib-link.read.1.tlog
c:\users\adria\desktop\mars base project\mars base engine ecs 13\mars base engine ecs\release\mars bas.12a1c1a5.tlog\lib-link.write.1.tlog
c:\users\adria\desktop\mars base project\mars base engine ecs 13\mars base engine ecs\release\mars bas.12a1c1a5.tlog\lib.command.1.tlog
