  ActionEvents.cpp
  ActionHoldEvent.cpp
  AnimationComponent.cpp
  AStarNode.cpp
  BaseEvent.cpp
  BlinkingAnimation.cpp
  ClickableComponent.cpp
  ClickableSystem.cpp
  Effect.cpp
  EntityClickedEvent.cpp
  EventLogger.cpp
  EventManager.cpp
  ActionBaseEvent.cpp
  MouseButtonPressedEvent.cpp
  MouseButtonReleasedEvent.cpp
  ParentingComponent.cpp
  PitchAnimation.cpp
  PixelMaskClickableComponent.cpp
  AudioComponent.cpp
  AudioData.cpp
  Kompilieren...
  SoundManager.cpp
  SoundSystem.cpp
  SpriteRenderComponent.cpp
  TexturedRenderComponent.cpp
c:\users\adrian\documents\visual studio 2017\projects\mars base engine ecs 14\mars base engine ecs\texturedrendercomponent.cpp(34): warning C4018: "<=": Konflikt zwischen "signed" und "unsigned"
  TiledTerrain.cpp
  Component.cpp
  Constants.cpp
c:\users\adrian\documents\visual studio 2017\projects\mars base engine ecs 14\mars base engine ecs\constants.cpp(155): warning C4244: "=": Konvertierung von "double" in "unsigned short", möglicher Datenverlust
  c:\users\adrian\documents\visual studio 2017\projects\mars base engine ecs 14\mars base engine ecs\constants.cpp(42): note: Siehe Verweis auf die Instanziierung der gerade kompilierten Funktions-Vorlage "bool mbe::Constants::AddContent<unsigned short>(TData **,std::string,mbe::detail::RegularExpression)".
          with
          [
              TData=unsigned short
          ]
c:\users\adrian\documents\visual studio 2017\projects\mars base engine ecs 14\mars base engine ecs\constants.cpp(151): warning C4244: "=": Konvertierung von "int" in "float", möglicher Datenverlust
  c:\users\adrian\documents\visual studio 2017\projects\mars base engine ecs 14\mars base engine ecs\constants.cpp(46): note: Siehe Verweis auf die Instanziierung der gerade kompilierten Funktions-Vorlage "bool mbe::Constants::AddContent<float>(TData **,std::string,mbe::detail::RegularExpression)".
          with
          [
              TData=float
          ]
c:\users\adrian\documents\visual studio 2017\projects\mars base engine ecs 14\mars base engine ecs\constants.cpp(155): warning C4244: "=": Konvertierung von "double" in "float", möglicher Datenverlust
  Entity.cpp
  FrameAnimation.cpp
  InputHandler.cpp
  EntityManager.cpp
  MouseButtonHoldEvent.cpp
  OutlineEffect.cpp
  ParallelTask.cpp
  PixelMask.cpp
  RenderComponent.cpp
  RenderLayer.cpp
  EntityCreatedEvent.cpp
  EntityRemovedEvent.cpp
  RenderSystem.cpp
  Kompilieren...
  State.cpp
  StateManager.cpp
  TextureWrapper.cpp
  TiledTerrainLayer.cpp
  TiledTerrainLayerComponent.cpp
  TiledTerrainLayerRenderComponent.cpp
  TiledTerrainLayerSystem.cpp
  TinyXML.cpp
  TopDownInformationComponent.cpp
  TopDownZOrderSorter.cpp
  TransformComponent.cpp
  Utility.cpp
  Mars Base Engine ECS.vcxproj -> C:\Users\Adrian\Documents\Visual Studio 2017\Projects\Mars Base Engine ECS 14\Release\Mars Base Engine ECS.lib
